<?xml version="1.0" encoding="UTF-8"?>
<testsuite xmlns:xsi="http://www.w3.org/2001/XMLSchema-instance" xsi:noNamespaceSchemaLocation="https://maven.apache.org/surefire/maven-surefire-plugin/xsd/surefire-test-report-3.0.xsd" version="3.0" name="TestSuite" time="33.68" tests="3" errors="0" skipped="0" failures="0">
  <properties>
    <property name="sun.desktop" value="windows"/>
    <property name="awt.toolkit" value="sun.awt.windows.WToolkit"/>
    <property name="java.specification.version" value="11"/>
    <property name="sun.cpu.isalist" value="amd64"/>
    <property name="sun.jnu.encoding" value="Cp1252"/>
    <property name="java.class.path" value="D:\eclipse-projects\gaius_console_automation_framework\target\test-classes;D:\eclipse-projects\gaius_console_automation_framework\target\classes;C:\Users\NIYAZ\.m2\repository\com\microsoft\playwright\playwright\1.27.1\playwright-1.27.1.jar;C:\Users\NIYAZ\.m2\repository\com\google\code\gson\gson\2.8.9\gson-2.8.9.jar;C:\Users\NIYAZ\.m2\repository\org\opentest4j\opentest4j\1.2.0\opentest4j-1.2.0.jar;C:\Users\NIYAZ\.m2\repository\com\microsoft\playwright\driver\1.27.1\driver-1.27.1.jar;C:\Users\NIYAZ\.m2\repository\com\microsoft\playwright\driver-bundle\1.27.1\driver-bundle-1.27.1.jar;C:\Users\NIYAZ\.m2\repository\org\testng\testng\7.6.1\testng-7.6.1.jar;C:\Users\NIYAZ\.m2\repository\com\google\code\findbugs\jsr305\3.0.2\jsr305-3.0.2.jar;C:\Users\NIYAZ\.m2\repository\org\slf4j\slf4j-api\1.7.36\slf4j-api-1.7.36.jar;C:\Users\NIYAZ\.m2\repository\com\beust\jcommander\1.82\jcommander-1.82.jar;C:\Users\NIYAZ\.m2\repository\org\webjars\jquery\3.6.0\jquery-3.6.0.jar;C:\Users\NIYAZ\.m2\repository\com\aventstack\extentreports\5.0.9\extentreports-5.0.9.jar;C:\Users\NIYAZ\.m2\repository\io\reactivex\rxjava3\rxjava\3.0.4\rxjava-3.0.4.jar;C:\Users\NIYAZ\.m2\repository\org\reactivestreams\reactive-streams\1.0.3\reactive-streams-1.0.3.jar;C:\Users\NIYAZ\.m2\repository\org\freemarker\freemarker\2.3.30\freemarker-2.3.30.jar;C:\Users\NIYAZ\.m2\repository\org\projectlombok\lombok\1.18.12\lombok-1.18.12.jar;C:\Users\NIYAZ\.m2\repository\commons-io\commons-io\2.11.0\commons-io-2.11.0.jar;"/>
    <property name="java.vm.vendor" value="Oracle Corporation"/>
    <property name="sun.arch.data.model" value="64"/>
    <property name="user.variant" value=""/>
    <property name="java.vendor.url" value="https://openjdk.java.net/"/>
    <property name="user.timezone" value="Asia/Calcutta"/>
    <property name="java.vm.specification.version" value="11"/>
    <property name="os.name" value="Windows 10"/>
    <property name="sun.java.launcher" value="SUN_STANDARD"/>
    <property name="user.country" value="IN"/>
    <property name="sun.boot.library.path" value="C:\Program Files\Java\jdk-11.0.16.1\bin"/>
    <property name="sun.java.command" value="C:\Users\NIYAZ\AppData\Local\Temp\surefire1124830453938804971\surefirebooter-20221028191326938_3.jar C:\Users\NIYAZ\AppData\Local\Temp\surefire1124830453938804971 2022-10-28T19-13-25_807-jvmRun1 surefire-20221028191326938_1tmp surefire_0-20221028191326938_2tmp"/>
    <property name="jdk.debug" value="release"/>
    <property name="surefire.test.class.path" value="D:\eclipse-projects\gaius_console_automation_framework\target\test-classes;D:\eclipse-projects\gaius_console_automation_framework\target\classes;C:\Users\NIYAZ\.m2\repository\com\microsoft\playwright\playwright\1.27.1\playwright-1.27.1.jar;C:\Users\NIYAZ\.m2\repository\com\google\code\gson\gson\2.8.9\gson-2.8.9.jar;C:\Users\NIYAZ\.m2\repository\org\opentest4j\opentest4j\1.2.0\opentest4j-1.2.0.jar;C:\Users\NIYAZ\.m2\repository\com\microsoft\playwright\driver\1.27.1\driver-1.27.1.jar;C:\Users\NIYAZ\.m2\repository\com\microsoft\playwright\driver-bundle\1.27.1\driver-bundle-1.27.1.jar;C:\Users\NIYAZ\.m2\repository\org\testng\testng\7.6.1\testng-7.6.1.jar;C:\Users\NIYAZ\.m2\repository\com\google\code\findbugs\jsr305\3.0.2\jsr305-3.0.2.jar;C:\Users\NIYAZ\.m2\repository\org\slf4j\slf4j-api\1.7.36\slf4j-api-1.7.36.jar;C:\Users\NIYAZ\.m2\repository\com\beust\jcommander\1.82\jcommander-1.82.jar;C:\Users\NIYAZ\.m2\repository\org\webjars\jquery\3.6.0\jquery-3.6.0.jar;C:\Users\NIYAZ\.m2\repository\com\aventstack\extentreports\5.0.9\extentreports-5.0.9.jar;C:\Users\NIYAZ\.m2\repository\io\reactivex\rxjava3\rxjava\3.0.4\rxjava-3.0.4.jar;C:\Users\NIYAZ\.m2\repository\org\reactivestreams\reactive-streams\1.0.3\reactive-streams-1.0.3.jar;C:\Users\NIYAZ\.m2\repository\org\freemarker\freemarker\2.3.30\freemarker-2.3.30.jar;C:\Users\NIYAZ\.m2\repository\org\projectlombok\lombok\1.18.12\lombok-1.18.12.jar;C:\Users\NIYAZ\.m2\repository\commons-io\commons-io\2.11.0\commons-io-2.11.0.jar;"/>
    <property name="sun.cpu.endian" value="little"/>
    <property name="user.home" value="C:\Users\NIYAZ"/>
    <property name="user.language" value="en"/>
    <property name="java.specification.vendor" value="Oracle Corporation"/>
    <property name="java.version.date" value="2022-08-18"/>
    <property name="java.home" value="C:\Program Files\Java\jdk-11.0.16.1"/>
    <property name="file.separator" value="\"/>
    <property name="basedir" value="D:\eclipse-projects\gaius_console_automation_framework"/>
    <property name="java.vm.compressedOopsMode" value="32-bit"/>
    <property name="line.separator" value="&#10;"/>
    <property name="java.specification.name" value="Java Platform API Specification"/>
    <property name="java.vm.specification.vendor" value="Oracle Corporation"/>
    <property name="java.awt.graphicsenv" value="sun.awt.Win32GraphicsEnvironment"/>
    <property name="surefire.real.class.path" value="C:\Users\NIYAZ\AppData\Local\Temp\surefire1124830453938804971\surefirebooter-20221028191326938_3.jar"/>
    <property name="user.script" value=""/>
    <property name="sun.management.compiler" value="HotSpot 64-Bit Tiered Compilers"/>
    <property name="java.runtime.version" value="11.0.16.1+1-LTS-1"/>
    <property name="user.name" value="NIYAZ"/>
    <property name="path.separator" value=";"/>
    <property name="os.version" value="10.0"/>
    <property name="java.runtime.name" value="Java(TM) SE Runtime Environment"/>
    <property name="file.encoding" value="Cp1252"/>
    <property name="java.vm.name" value="Java HotSpot(TM) 64-Bit Server VM"/>
    <property name="java.vendor.version" value="18.9"/>
    <property name="localRepository" value="C:\Users\NIYAZ\.m2\repository"/>
    <property name="java.vendor.url.bug" value="https://bugreport.java.com/bugreport/"/>
    <property name="java.io.tmpdir" value="C:\Users\NIYAZ\AppData\Local\Temp\"/>
    <property name="java.version" value="11.0.16.1"/>
    <property name="user.dir" value="D:\eclipse-projects\gaius_console_automation_framework"/>
    <property name="os.arch" value="amd64"/>
    <property name="java.vm.specification.name" value="Java Virtual Machine Specification"/>
    <property name="java.awt.printerjob" value="sun.awt.windows.WPrinterJob"/>
    <property name="sun.os.patch.level" value=""/>
    <property name="java.library.path" value="C:\Program Files\Java\jdk-11.0.16.1\bin;C:\Windows\Sun\Java\bin;C:\Windows\system32;C:\Windows;C:\Program Files\Common Files\Oracle\Java\javapath;C:\Windows\system32;C:\Windows;C:\Windows\System32\Wbem;C:\Windows\System32\WindowsPowerShell\v1.0\;C:\Windows\System32\OpenSSH\;D:\apache-maven-3.8.6\bin;C:\Program Files\Java\jdk-11.0.16.1\bin;C:\Users\youUser\AppData\Local\Android\sdk\build-tools;C:\Users\youUser\AppData\Local\Android\sdk\platforms;C:\Users\youUser\AppData\Local\Android\sdk\platform-tools;C:\Program Files\Git\cmd;C:\Users\NIYAZ\AppData\Local\Microsoft\WindowsApps;;."/>
    <property name="java.vendor" value="Oracle Corporation"/>
    <property name="java.vm.info" value="mixed mode"/>
    <property name="java.vm.version" value="11.0.16.1+1-LTS-1"/>
    <property name="sun.io.unicode.encoding" value="UnicodeLittle"/>
    <property name="java.class.version" value="55.0"/>
  </properties>
  <testcase name="verifyLoginPageTitleTest" classname="com.gaius.console.tests.LoginPageTest" time="0.818">
    <system-out><![CDATA[Test Suite started!
browser name is : safari
verifyLoginPageTitleTest started!
verifyLoginPageTitleTest passed!
]]></system-out>
    <system-err><![CDATA[SLF4J: Failed to load class "org.slf4j.impl.StaticLoggerBinder".
SLF4J: Defaulting to no-operation (NOP) logger implementation
SLF4J: See http://www.slf4j.org/codes.html#StaticLoggerBinder for further details.
]]></system-err>
  </testcase>
  <testcase name="verifyForgotPasswordLinkExistTest" classname="com.gaius.console.tests.LoginPageTest" time="0.159">
    <system-out><![CDATA[verifyForgotPasswordLinkExistTest started!
verifyForgotPasswordLinkExistTest passed!
]]></system-out>
  </testcase>
  <testcase name="verifyHomePageTitleTest" classname="com.gaius.console.tests.HomePageTest" time="5.146">
    <system-out><![CDATA[Test Suite is ending!
Test Suite started!
browser name is : safari
verifyHomePageTitleTest started!
verifyHomePageTitleTest passed!
]]></system-out>
  </testcase>
</testsuite>