<?xml version="1.0" encoding="UTF-8"?>
<!-- Generated by org.testng.reporters.JUnitReportReporter -->
<testsuite hostname="DESKTOP-UDECO0U" failures="0" tests="1" name="com.gaius.console.tests.HomePageTest" time="3.110" errors="0" timestamp="2022-10-25T12:19:07 IST" skipped="0">
  <testcase classname="com.gaius.console.tests.HomePageTest" name="verifyHomePageTitleTest" time="3.110"/>
  <system-out/>
</testsuite> <!-- com.gaius.console.tests.HomePageTest -->
