<?xml version="1.0" encoding="UTF-8"?>
<!-- Generated by org.testng.reporters.JUnitReportReporter -->
<testsuite hostname="DESKTOP-UDECO0U" failures="0" tests="2" name="com.gaius.console.tests.LoginPageTest" time="0.104" errors="0" timestamp="2022-10-25T12:19:07 IST" skipped="0">
  <testcase classname="com.gaius.console.tests.LoginPageTest" name="verifyLoginPageTitleTest" time="0.054"/>
  <system-out/>
  <testcase classname="com.gaius.console.tests.LoginPageTest" name="verifyForgotPasswordLinkExistTest" time="0.050"/>
  <system-out/>
</testsuite> <!-- com.gaius.console.tests.LoginPageTest -->
