<?xml version="1.0" encoding="UTF-8"?>
<!-- Generated by org.testng.reporters.JUnitReportReporter -->
<testsuite hostname="DESKTOP-UDECO0U" failures="0" tests="1" name="com.gaius.console.tests.HomePageTest" time="5.140" errors="0" timestamp="2022-10-28T19:14:01 IST" skipped="0">
  <testcase classname="com.gaius.console.tests.HomePageTest" name="verifyHomePageTitleTest" time="5.140"/>
  <system-out/>
</testsuite> <!-- com.gaius.console.tests.HomePageTest -->
