<?xml version="1.0" encoding="UTF-8"?>
<!-- Generated by org.testng.reporters.JUnitReportReporter -->
<testsuite hostname="DESKTOP-UDECO0U" failures="0" tests="2" name="com.gaius.console.tests.LoginPageTest" time="1.568" errors="0" timestamp="2022-10-27T20:48:35 IST" skipped="0">
  <testcase classname="com.gaius.console.tests.LoginPageTest" name="verifyLoginPageTitleTest" time="1.343"/>
  <system-out/>
  <testcase classname="com.gaius.console.tests.LoginPageTest" name="verifyForgotPasswordLinkExistTest" time="0.225"/>
  <system-out/>
</testsuite> <!-- com.gaius.console.tests.LoginPageTest -->
