<?xml version="1.0" encoding="UTF-8"?>
<!-- Generated by org.testng.reporters.JUnitReportReporter -->
<testsuite hostname="DESKTOP-UDECO0U" failures="0" tests="2" name="com.gaius.console.tests.LoginPageTest" time="1.427" errors="0" timestamp="2022-10-28T18:59:23 IST" skipped="0">
  <testcase classname="com.gaius.console.tests.LoginPageTest" name="verifyLoginPageTitleTest" time="1.224"/>
  <system-out/>
  <testcase classname="com.gaius.console.tests.LoginPageTest" name="verifyForgotPasswordLinkExistTest" time="0.203"/>
  <system-out/>
</testsuite> <!-- com.gaius.console.tests.LoginPageTest -->
