<?xml version="1.0" encoding="UTF-8"?>
<!-- Generated by org.testng.reporters.JUnitReportReporter -->
<testsuite hostname="DESKTOP-UDECO0U" failures="0" tests="1" name="com.gaius.console.tests.HomePageTest" time="4.475" errors="0" timestamp="2022-10-28T19:02:38 IST" skipped="0">
  <testcase classname="com.gaius.console.tests.HomePageTest" name="verifyHomePageTitleTest" time="4.475"/>
  <system-out/>
</testsuite> <!-- com.gaius.console.tests.HomePageTest -->
